<?xml version="1.0" encoding="UTF-8"?>
<testng-results ignored="0" total="10" passed="10" failed="0" skipped="0">
  <reporter-output>
  </reporter-output>
  <suite started-at="2021-02-18T12:07:45Z" name="Home Test" finished-at="2021-02-18T12:25:11Z" duration-ms="1045627">
    <groups>
    </groups>
    <test started-at="2021-02-18T12:07:45Z" name="Home" finished-at="2021-02-18T12:25:11Z" duration-ms="1045627">
      <class name="pra_package.PRA_Home">
        <test-method is-config="true" signature="initialization_browser_opening()[pri:0, instance:pra_package.PRA_Home@3a12c404]" started-at="2021-02-18T12:06:48Z" name="initialization_browser_opening" finished-at="2021-02-18T12:07:45Z" duration-ms="57321" status="PASS">
          <reporter-output>
          </reporter-output>
        </test-method> <!-- initialization_browser_opening -->
        <test-method signature="title_verification()[pri:1, instance:pra_package.PRA_Home@3a12c404]" started-at="2021-02-18T12:07:45Z" name="title_verification" finished-at="2021-02-18T12:07:54Z" duration-ms="9043" status="PASS">
          <reporter-output>
          </reporter-output>
        </test-method> <!-- title_verification -->
        <test-method is-config="true" signature="fail_testcase(org.testng.ITestResult)[pri:0, instance:pra_package.PRA_Home@3a12c404]" started-at="2021-02-18T12:07:54Z" name="fail_testcase" finished-at="2021-02-18T12:07:54Z" duration-ms="9" status="PASS">
          <params>
            <param index="0">
              <value>
                <![CDATA[[TestResult name=title_verification status=SUCCESS method=PRA_Home.title_verification()[pri:1, instance:pra_package.PRA_Home@3a12c404] output={null}]]]>
              </value>
            </param>
          </params>
          <reporter-output>
          </reporter-output>
        </test-method> <!-- fail_testcase -->
        <test-method signature="login_Test()[pri:2, instance:pra_package.PRA_Home@3a12c404]" started-at="2021-02-18T12:07:54Z" name="login_Test" finished-at="2021-02-18T12:08:26Z" duration-ms="31810" status="PASS">
          <reporter-output>
          </reporter-output>
        </test-method> <!-- login_Test -->
        <test-method is-config="true" signature="fail_testcase(org.testng.ITestResult)[pri:0, instance:pra_package.PRA_Home@3a12c404]" started-at="2021-02-18T12:08:26Z" name="fail_testcase" finished-at="2021-02-18T12:08:26Z" duration-ms="8" status="PASS">
          <params>
            <param index="0">
              <value>
                <![CDATA[[TestResult name=login_Test status=SUCCESS method=PRA_Home.login_Test()[pri:2, instance:pra_package.PRA_Home@3a12c404] output={null}]]]>
              </value>
            </param>
          </params>
          <reporter-output>
          </reporter-output>
        </test-method> <!-- fail_testcase -->
        <test-method signature="By_pest_initiation()[pri:15, instance:pra_package.PRA_Home@3a12c404]" started-at="2021-02-18T12:08:26Z" name="By_pest_initiation" finished-at="2021-02-18T12:10:16Z" duration-ms="109808" status="PASS">
          <reporter-output>
          </reporter-output>
        </test-method> <!-- By_pest_initiation -->
        <test-method is-config="true" signature="fail_testcase(org.testng.ITestResult)[pri:0, instance:pra_package.PRA_Home@3a12c404]" started-at="2021-02-18T12:10:16Z" name="fail_testcase" finished-at="2021-02-18T12:10:16Z" duration-ms="1" status="PASS">
          <params>
            <param index="0">
              <value>
                <![CDATA[[TestResult name=By_pest_initiation status=SUCCESS method=PRA_Home.By_pest_initiation()[pri:15, instance:pra_package.PRA_Home@3a12c404] output={null}]]]>
              </value>
            </param>
          </params>
          <reporter-output>
          </reporter-output>
        </test-method> <!-- fail_testcase -->
        <test-method signature="By_pest_cattegorization_tab()[pri:16, instance:pra_package.PRA_Home@3a12c404]" started-at="2021-02-18T12:10:16Z" name="By_pest_cattegorization_tab" finished-at="2021-02-18T12:12:18Z" duration-ms="122175" status="PASS">
          <reporter-output>
          </reporter-output>
        </test-method> <!-- By_pest_cattegorization_tab -->
        <test-method is-config="true" signature="fail_testcase(org.testng.ITestResult)[pri:0, instance:pra_package.PRA_Home@3a12c404]" started-at="2021-02-18T12:12:18Z" name="fail_testcase" finished-at="2021-02-18T12:12:18Z" duration-ms="2" status="PASS">
          <params>
            <param index="0">
              <value>
                <![CDATA[[TestResult name=By_pest_cattegorization_tab status=SUCCESS method=PRA_Home.By_pest_cattegorization_tab()[pri:16, instance:pra_package.PRA_Home@3a12c404] output={null}]]]>
              </value>
            </param>
          </params>
          <reporter-output>
          </reporter-output>
        </test-method> <!-- fail_testcase -->
        <test-method signature="By_pest_Probabity_of_entry()[pri:17, instance:pra_package.PRA_Home@3a12c404]" started-at="2021-02-18T12:12:18Z" name="By_pest_Probabity_of_entry" finished-at="2021-02-18T12:17:09Z" duration-ms="290808" status="PASS">
          <reporter-output>
          </reporter-output>
        </test-method> <!-- By_pest_Probabity_of_entry -->
        <test-method is-config="true" signature="fail_testcase(org.testng.ITestResult)[pri:0, instance:pra_package.PRA_Home@3a12c404]" started-at="2021-02-18T12:17:09Z" name="fail_testcase" finished-at="2021-02-18T12:17:09Z" duration-ms="2" status="PASS">
          <params>
            <param index="0">
              <value>
                <![CDATA[[TestResult name=By_pest_Probabity_of_entry status=SUCCESS method=PRA_Home.By_pest_Probabity_of_entry()[pri:17, instance:pra_package.PRA_Home@3a12c404] output={null}]]]>
              </value>
            </param>
          </params>
          <reporter-output>
          </reporter-output>
        </test-method> <!-- fail_testcase -->
        <test-method signature="Bypest_riskassessment()[pri:18, instance:pra_package.PRA_Home@3a12c404]" started-at="2021-02-18T12:17:09Z" name="Bypest_riskassessment" finished-at="2021-02-18T12:22:20Z" duration-ms="310922" status="PASS">
          <reporter-output>
          </reporter-output>
        </test-method> <!-- Bypest_riskassessment -->
        <test-method is-config="true" signature="fail_testcase(org.testng.ITestResult)[pri:0, instance:pra_package.PRA_Home@3a12c404]" started-at="2021-02-18T12:22:20Z" name="fail_testcase" finished-at="2021-02-18T12:22:20Z" duration-ms="0" status="PASS">
          <params>
            <param index="0">
              <value>
                <![CDATA[[TestResult name=Bypest_riskassessment status=SUCCESS method=PRA_Home.Bypest_riskassessment()[pri:18, instance:pra_package.PRA_Home@3a12c404] output={null}]]]>
              </value>
            </param>
          </params>
          <reporter-output>
          </reporter-output>
        </test-method> <!-- fail_testcase -->
        <test-method signature="Bypest_risk_management()[pri:19, instance:pra_package.PRA_Home@3a12c404]" started-at="2021-02-18T12:22:20Z" name="Bypest_risk_management" finished-at="2021-02-18T12:22:48Z" duration-ms="28271" status="PASS">
          <reporter-output>
          </reporter-output>
        </test-method> <!-- Bypest_risk_management -->
        <test-method is-config="true" signature="fail_testcase(org.testng.ITestResult)[pri:0, instance:pra_package.PRA_Home@3a12c404]" started-at="2021-02-18T12:22:48Z" name="fail_testcase" finished-at="2021-02-18T12:22:48Z" duration-ms="1" status="PASS">
          <params>
            <param index="0">
              <value>
                <![CDATA[[TestResult name=Bypest_risk_management status=SUCCESS method=PRA_Home.Bypest_risk_management()[pri:19, instance:pra_package.PRA_Home@3a12c404] output={null}]]]>
              </value>
            </param>
          </params>
          <reporter-output>
          </reporter-output>
        </test-method> <!-- fail_testcase -->
        <test-method signature="Bypest_PRA_summary_screen()[pri:20, instance:pra_package.PRA_Home@3a12c404]" started-at="2021-02-18T12:22:48Z" name="Bypest_PRA_summary_screen" finished-at="2021-02-18T12:24:03Z" duration-ms="75027" status="PASS">
          <reporter-output>
          </reporter-output>
        </test-method> <!-- Bypest_PRA_summary_screen -->
        <test-method is-config="true" signature="fail_testcase(org.testng.ITestResult)[pri:0, instance:pra_package.PRA_Home@3a12c404]" started-at="2021-02-18T12:24:03Z" name="fail_testcase" finished-at="2021-02-18T12:24:03Z" duration-ms="0" status="PASS">
          <params>
            <param index="0">
              <value>
                <![CDATA[[TestResult name=Bypest_PRA_summary_screen status=SUCCESS method=PRA_Home.Bypest_PRA_summary_screen()[pri:20, instance:pra_package.PRA_Home@3a12c404] output={null}]]]>
              </value>
            </param>
          </params>
          <reporter-output>
          </reporter-output>
        </test-method> <!-- fail_testcase -->
        <test-method signature="Bypest_download_PRA_report()[pri:21, instance:pra_package.PRA_Home@3a12c404]" started-at="2021-02-18T12:24:03Z" name="Bypest_download_PRA_report" finished-at="2021-02-18T12:24:57Z" duration-ms="53706" status="PASS">
          <reporter-output>
          </reporter-output>
        </test-method> <!-- Bypest_download_PRA_report -->
        <test-method is-config="true" signature="fail_testcase(org.testng.ITestResult)[pri:0, instance:pra_package.PRA_Home@3a12c404]" started-at="2021-02-18T12:24:57Z" name="fail_testcase" finished-at="2021-02-18T12:24:57Z" duration-ms="1" status="PASS">
          <params>
            <param index="0">
              <value>
                <![CDATA[[TestResult name=Bypest_download_PRA_report status=SUCCESS method=PRA_Home.Bypest_download_PRA_report()[pri:21, instance:pra_package.PRA_Home@3a12c404] output={null}]]]>
              </value>
            </param>
          </params>
          <reporter-output>
          </reporter-output>
        </test-method> <!-- fail_testcase -->
        <test-method signature="By_pest_delete_PRA()[pri:22, instance:pra_package.PRA_Home@3a12c404]" started-at="2021-02-18T12:24:57Z" name="By_pest_delete_PRA" finished-at="2021-02-18T12:25:11Z" duration-ms="13946" status="PASS">
          <reporter-output>
          </reporter-output>
        </test-method> <!-- By_pest_delete_PRA -->
        <test-method is-config="true" signature="fail_testcase(org.testng.ITestResult)[pri:0, instance:pra_package.PRA_Home@3a12c404]" started-at="2021-02-18T12:25:11Z" name="fail_testcase" finished-at="2021-02-18T12:25:11Z" duration-ms="1" status="PASS">
          <params>
            <param index="0">
              <value>
                <![CDATA[[TestResult name=By_pest_delete_PRA status=SUCCESS method=PRA_Home.By_pest_delete_PRA()[pri:22, instance:pra_package.PRA_Home@3a12c404] output={null}]]]>
              </value>
            </param>
          </params>
          <reporter-output>
          </reporter-output>
        </test-method> <!-- fail_testcase -->
        <test-method is-config="true" signature="teardown_browerclosing()[pri:0, instance:pra_package.PRA_Home@3a12c404]" started-at="2021-02-18T12:25:11Z" name="teardown_browerclosing" finished-at="2021-02-18T12:25:12Z" duration-ms="1045" status="PASS">
          <reporter-output>
          </reporter-output>
        </test-method> <!-- teardown_browerclosing -->
      </class> <!-- pra_package.PRA_Home -->
    </test> <!-- Home -->
  </suite> <!-- Home Test -->
</testng-results>
