<?xml version="1.0" encoding="UTF-8"?>
<!-- Generated by org.testng.reporters.JUnitXMLReporter -->
<testsuite ignored="0" hostname="DESKTOP-K8HJ363" failures="0" tests="3" name="MYCABI account creation" time="85.038" errors="0" timestamp="15 Feb 2021 10:11:49 GMT">
  <testcase classname="pra_package.My_cabi_account" name="account_creation" time="41.872"/>
  <testcase classname="pra_package.My_cabi_account" name="login_with_created_account" time="18.83"/>
  <testcase classname="pra_package.My_cabi_account" name="mycabi_tab" time="24.295"/>
</testsuite> <!-- MYCABI account creation -->
