<?xml version="1.0" encoding="UTF-8"?>
<!-- Generated by org.testng.reporters.JUnitXMLReporter -->
<testsuite ignored="0" hostname="DESKTOP-K8HJ363" failures="0" tests="3" name="Default test" time="530.496" errors="0" timestamp="03 Feb 2021 07:39:42 GMT">
  <testcase classname="pra_package.PRA_Home" name="login_Test" time="38.479"/>
  <testcase classname="pra_package.PRA_Home" name="PRA_Home_Test" time="155.323"/>
  <testcase classname="pra_package.PRA_Home" name="Previous_PRA_Test" time="336.643"/>
</testsuite> <!-- Default test -->
