<?xml version="1.0" encoding="UTF-8"?>
<!-- Generated by org.testng.reporters.JUnitXMLReporter -->
<testsuite ignored="0" hostname="DESKTOP-K8HJ363" failures="0" tests="10" name="Home" time="1045.627" errors="0" timestamp="18 Feb 2021 12:25:11 GMT">
  <testcase classname="pra_package.PRA_Home" name="title_verification" time="9.043"/>
  <testcase classname="pra_package.PRA_Home" name="login_Test" time="31.81"/>
  <testcase classname="pra_package.PRA_Home" name="By_pest_initiation" time="109.808"/>
  <testcase classname="pra_package.PRA_Home" name="By_pest_cattegorization_tab" time="122.175"/>
  <testcase classname="pra_package.PRA_Home" name="By_pest_Probabity_of_entry" time="290.808"/>
  <testcase classname="pra_package.PRA_Home" name="Bypest_riskassessment" time="310.922"/>
  <testcase classname="pra_package.PRA_Home" name="Bypest_risk_management" time="28.271"/>
  <testcase classname="pra_package.PRA_Home" name="Bypest_PRA_summary_screen" time="75.027"/>
  <testcase classname="pra_package.PRA_Home" name="Bypest_download_PRA_report" time="53.706"/>
  <testcase classname="pra_package.PRA_Home" name="By_pest_delete_PRA" time="13.946"/>
</testsuite> <!-- Home -->
